<?xml version="1.0" encoding="UTF-8"?>
<testng-results ignored="0" total="4" passed="4" failed="0" skipped="0">
  <reporter-output>
  </reporter-output>
  <suite started-at="2025-03-18T10:24:17 IST" name="Default suite" finished-at="2025-03-18T10:24:26 IST" duration-ms="9459">
    <groups>
    </groups>
    <test started-at="2025-03-18T10:24:17 IST" name="Default test" finished-at="2025-03-18T10:24:26 IST" duration-ms="9459">
      <class name="seleniumBasics.LoginTest">
        <test-method is-config="true" signature="initialiseBrowser()[pri:0, instance:seleniumBasics.LoginTest@24269709]" started-at="2025-03-18T10:24:17 IST" name="initialiseBrowser" finished-at="2025-03-18T10:24:19 IST" duration-ms="2626" status="PASS">
          <reporter-output>
          </reporter-output>
        </test-method> <!-- initialiseBrowser -->
        <test-method signature="verifyWhetherUsercanLoginWithValidcredentials()[pri:1, instance:seleniumBasics.LoginTest@24269709]" started-at="2025-03-18T10:24:19 IST" name="verifyWhetherUsercanLoginWithValidcredentials" description="verify whetheruser user is able to successfully login with valid credentials" finished-at="2025-03-18T10:24:21 IST" duration-ms="1603" status="PASS">
          <reporter-output>
          </reporter-output>
        </test-method> <!-- verifyWhetherUsercanLoginWithValidcredentials -->
        <test-method is-config="true" signature="driverCloseAndQuit()[pri:0, instance:seleniumBasics.LoginTest@24269709]" started-at="2025-03-18T10:24:21 IST" name="driverCloseAndQuit" finished-at="2025-03-18T10:24:21 IST" duration-ms="3" status="PASS">
          <reporter-output>
          </reporter-output>
        </test-method> <!-- driverCloseAndQuit -->
        <test-method is-config="true" signature="initialiseBrowser()[pri:0, instance:seleniumBasics.LoginTest@24269709]" started-at="2025-03-18T10:24:21 IST" name="initialiseBrowser" finished-at="2025-03-18T10:24:23 IST" duration-ms="1581" status="PASS">
          <reporter-output>
          </reporter-output>
        </test-method> <!-- initialiseBrowser -->
        <test-method signature="verifyWhetherUsercanLoginWithInValiduserNameandValidPass()[pri:2, instance:seleniumBasics.LoginTest@24269709]" started-at="2025-03-18T10:24:23 IST" name="verifyWhetherUsercanLoginWithInValiduserNameandValidPass" description="verify whetheruser user is able to login with valid username and invalid password" finished-at="2025-03-18T10:24:23 IST" duration-ms="390" status="PASS">
          <reporter-output>
          </reporter-output>
        </test-method> <!-- verifyWhetherUsercanLoginWithInValiduserNameandValidPass -->
        <test-method is-config="true" signature="driverCloseAndQuit()[pri:0, instance:seleniumBasics.LoginTest@24269709]" started-at="2025-03-18T10:24:23 IST" name="driverCloseAndQuit" finished-at="2025-03-18T10:24:23 IST" duration-ms="0" status="PASS">
          <reporter-output>
          </reporter-output>
        </test-method> <!-- driverCloseAndQuit -->
        <test-method is-config="true" signature="initialiseBrowser()[pri:0, instance:seleniumBasics.LoginTest@24269709]" started-at="2025-03-18T10:24:23 IST" name="initialiseBrowser" finished-at="2025-03-18T10:24:24 IST" duration-ms="1202" status="PASS">
          <reporter-output>
          </reporter-output>
        </test-method> <!-- initialiseBrowser -->
        <test-method signature="verifyWhetherUsercanLoginWithvalidUserandInValidpass()[pri:3, instance:seleniumBasics.LoginTest@24269709]" started-at="2025-03-18T10:24:24 IST" name="verifyWhetherUsercanLoginWithvalidUserandInValidpass" description="verify whetheruser user is able to login with invalid username and valid password" finished-at="2025-03-18T10:24:25 IST" duration-ms="435" status="PASS">
          <reporter-output>
          </reporter-output>
        </test-method> <!-- verifyWhetherUsercanLoginWithvalidUserandInValidpass -->
        <test-method is-config="true" signature="driverCloseAndQuit()[pri:0, instance:seleniumBasics.LoginTest@24269709]" started-at="2025-03-18T10:24:25 IST" name="driverCloseAndQuit" finished-at="2025-03-18T10:24:25 IST" duration-ms="1" status="PASS">
          <reporter-output>
          </reporter-output>
        </test-method> <!-- driverCloseAndQuit -->
        <test-method is-config="true" signature="initialiseBrowser()[pri:0, instance:seleniumBasics.LoginTest@24269709]" started-at="2025-03-18T10:24:25 IST" name="initialiseBrowser" finished-at="2025-03-18T10:24:26 IST" duration-ms="1208" status="PASS">
          <reporter-output>
          </reporter-output>
        </test-method> <!-- initialiseBrowser -->
        <test-method signature="verifyWhetherUsercanLoginWithInValidcredentials()[pri:4, instance:seleniumBasics.LoginTest@24269709]" started-at="2025-03-18T10:24:26 IST" name="verifyWhetherUsercanLoginWithInValidcredentials" description="verify whetheruser user is able to login with invalid username and invalid password" finished-at="2025-03-18T10:24:26 IST" duration-ms="319" status="PASS">
          <reporter-output>
          </reporter-output>
        </test-method> <!-- verifyWhetherUsercanLoginWithInValidcredentials -->
        <test-method is-config="true" signature="driverCloseAndQuit()[pri:0, instance:seleniumBasics.LoginTest@24269709]" started-at="2025-03-18T10:24:26 IST" name="driverCloseAndQuit" finished-at="2025-03-18T10:24:26 IST" duration-ms="1" status="PASS">
          <reporter-output>
          </reporter-output>
        </test-method> <!-- driverCloseAndQuit -->
      </class> <!-- seleniumBasics.LoginTest -->
    </test> <!-- Default test -->
  </suite> <!-- Default suite -->
</testng-results>
