<?xml version="1.0" encoding="UTF-8"?>
<!-- Generated by org.testng.reporters.JUnitXMLReporter -->
<testsuite ignored="0" hostname="LAPTOP-82F3E13C" failures="0" tests="4" name="Default test" time="9.459" errors="0" timestamp="2025-03-18T10:24:26 IST">
  <testcase classname="seleniumBasics.LoginTest" name="verifyWhetherUsercanLoginWithValidcredentials" time="1.603"/>
  <testcase classname="seleniumBasics.LoginTest" name="verifyWhetherUsercanLoginWithInValiduserNameandValidPass" time="0.39"/>
  <testcase classname="seleniumBasics.LoginTest" name="verifyWhetherUsercanLoginWithvalidUserandInValidpass" time="0.435"/>
  <testcase classname="seleniumBasics.LoginTest" name="verifyWhetherUsercanLoginWithInValidcredentials" time="0.319"/>
</testsuite> <!-- Default test -->
